{
  "RSpec": {
    "coverage": {
      "/Users/jon/Projects/Week 4/bookmark-manager/spec/features/bookmark_list_spec.rb": [
        1,
        1,
        1,
        1,
        null,
        1,
        null,
        null,
        null,
        1,
        1,
        null,
        null,
        null
      ],
      "/Users/jon/Projects/Week 4/bookmark-manager/spec/features/creating_links_spec.rb": [
        1,
        1,
        1,
        1,
        1,
        1,
        1,
        1,
        1,
        null,
        null,
        null,
        null,
        1,
        1,
        1,
        1,
        1,
        1,
        1,
        1,
        1,
        1,
        null,
        null,
        null
      ],
      "/Users/jon/Projects/Week 4/bookmark-manager/spec/features/tag_filtering_spec.rb": [
        1,
        1,
        1,
        1,
        1,
        1,
        1,
        1,
        1,
        null,
        null
      ]
    },
    "timestamp": 1508505285
  }
}
